<?xml version="1.0" encoding="UTF-8"?>
<!-- Generated by org.testng.reporters.JUnitReportReporter -->
<testsuite skipped="0" hostname="LAPTOP-Q5H3M2AT" name="com.crm.qa.testcases.LoginPageTest" tests="3" failures="0" timestamp="26 Aug 2018 14:37:03 GMT" time="23.560" errors="0">
  <testcase name="loginPageTitleTest" time="5.395" classname="com.crm.qa.testcases.LoginPageTest"/>
  <testcase name="loginTest" time="11.449" classname="com.crm.qa.testcases.LoginPageTest"/>
  <testcase name="crmLogoImgTest" time="6.716" classname="com.crm.qa.testcases.LoginPageTest"/>
</testsuite> <!-- com.crm.qa.testcases.LoginPageTest -->
