<?xml version="1.0" encoding="UTF-8"?>
<!-- Generated by org.testng.reporters.JUnitReportReporter -->
<testsuite skipped="0" hostname="LAPTOP-Q5H3M2AT" name="com.crm.qa.testcases.ContactPageTest" tests="8" failures="0" timestamp="26 Aug 2018 04:19:05 GMT" time="100.268" errors="0">
  <testcase name="createNewContactTest" time="11.701" classname="com.crm.qa.testcases.ContactPageTest"/>
  <testcase name="verifyContactPageTitle" time="9.292" classname="com.crm.qa.testcases.ContactPageTest"/>
  <testcase name="createNewContactTest" time="12.222" classname="com.crm.qa.testcases.ContactPageTest"/>
  <testcase name="createNewContactTest" time="16.028" classname="com.crm.qa.testcases.ContactPageTest"/>
  <testcase name="createNewContactTest" time="14.291" classname="com.crm.qa.testcases.ContactPageTest"/>
  <testcase name="createNewContactTest" time="11.434" classname="com.crm.qa.testcases.ContactPageTest"/>
  <testcase name="selectContactTest" time="10.070" classname="com.crm.qa.testcases.ContactPageTest"/>
  <testcase name="createNewContactTest" time="15.230" classname="com.crm.qa.testcases.ContactPageTest"/>
</testsuite> <!-- com.crm.qa.testcases.ContactPageTest -->
