<?xml version="1.0" encoding="UTF-8"?>
<!-- Generated by org.testng.reporters.JUnitReportReporter -->
<testsuite skipped="0" hostname="LAPTOP-Q5H3M2AT" name="com.crm.qa.testcases.HomePageTest" tests="3" failures="0" timestamp="26 Aug 2018 04:19:05 GMT" time="30.358" errors="0">
  <testcase name="homePageTitleTest" time="9.046" classname="com.crm.qa.testcases.HomePageTest"/>
  <testcase name="upgradeAccountTextTest" time="9.206" classname="com.crm.qa.testcases.HomePageTest"/>
  <testcase name="searchTargetListTest" time="12.106" classname="com.crm.qa.testcases.HomePageTest"/>
</testsuite> <!-- com.crm.qa.testcases.HomePageTest -->
